1685603874.677002 client started (10469): version 3.3a, socket /tmp/tmux-1000/default, protocol 8
1685603874.677014 on Linux 5.10.102.1-microsoft-standard-WSL2 #1 SMP Wed Mar 2 00:30:59 UTC 2022
1685603874.677033 using libevent 2.1.12-stable (poll); ncurses 6.3
1685603874.677042 flags are 0x10010000
1685603874.677043 socket is /tmp/tmux-1000/default
1685603874.677049 trying connect
1685603874.677094 add peer 0x55640b7198e0: 6 ((nil))
1685603874.677223 sending message 100 to peer 0x55640b7198e0 (4 bytes)
1685603874.677227 sending message 111 to peer 0x55640b7198e0 (8 bytes)
1685603874.677229 sending message 101 to peer 0x55640b7198e0 (15 bytes)
1685603874.677230 sending message 109 to peer 0x55640b7198e0 (4 bytes)
1685603874.677232 sending message 102 to peer 0x55640b7198e0 (11 bytes)
1685603874.677234 sending message 108 to peer 0x55640b7198e0 (36 bytes)
1685603874.677235 sending message 112 to peer 0x55640b7198e0 (58 bytes)
1685603874.677237 sending message 112 to peer 0x55640b7198e0 (5 bytes)
1685603874.677239 sending message 112 to peer 0x55640b7198e0 (5 bytes)
1685603874.677240 sending message 112 to peer 0x55640b7198e0 (6 bytes)
1685603874.677242 sending message 112 to peer 0x55640b7198e0 (6 bytes)
1685603874.677243 sending message 112 to peer 0x55640b7198e0 (11 bytes)
1685603874.677245 sending message 112 to peer 0x55640b7198e0 (10 bytes)
1685603874.677247 sending message 112 to peer 0x55640b7198e0 (13 bytes)
1685603874.677248 sending message 112 to peer 0x55640b7198e0 (14 bytes)
1685603874.677250 sending message 112 to peer 0x55640b7198e0 (19 bytes)
1685603874.677251 sending message 112 to peer 0x55640b7198e0 (11 bytes)
1685603874.677253 sending message 112 to peer 0x55640b7198e0 (10 bytes)
1685603874.677254 sending message 112 to peer 0x55640b7198e0 (15 bytes)
1685603874.677256 sending message 112 to peer 0x55640b7198e0 (21 bytes)
1685603874.677258 sending message 112 to peer 0x55640b7198e0 (13 bytes)
1685603874.677259 sending message 112 to peer 0x55640b7198e0 (7 bytes)
1685603874.677261 sending message 112 to peer 0x55640b7198e0 (13 bytes)
1685603874.677263 sending message 112 to peer 0x55640b7198e0 (7 bytes)
1685603874.677264 sending message 112 to peer 0x55640b7198e0 (13 bytes)
1685603874.677266 sending message 112 to peer 0x55640b7198e0 (9 bytes)
1685603874.677267 sending message 112 to peer 0x55640b7198e0 (21 bytes)
1685603874.677269 sending message 112 to peer 0x55640b7198e0 (13 bytes)
1685603874.677271 sending message 112 to peer 0x55640b7198e0 (9 bytes)
1685603874.677272 sending message 112 to peer 0x55640b7198e0 (16 bytes)
1685603874.677274 sending message 112 to peer 0x55640b7198e0 (13 bytes)
1685603874.677275 sending message 112 to peer 0x55640b7198e0 (9 bytes)
1685603874.677277 sending message 112 to peer 0x55640b7198e0 (9 bytes)
1685603874.677279 sending message 112 to peer 0x55640b7198e0 (12 bytes)
1685603874.677280 sending message 112 to peer 0x55640b7198e0 (8 bytes)
1685603874.677282 sending message 112 to peer 0x55640b7198e0 (8 bytes)
1685603874.677283 sending message 112 to peer 0x55640b7198e0 (13 bytes)
1685603874.677285 sending message 112 to peer 0x55640b7198e0 (7 bytes)
1685603874.677286 sending message 112 to peer 0x55640b7198e0 (7 bytes)
1685603874.677288 sending message 112 to peer 0x55640b7198e0 (9 bytes)
1685603874.677289 sending message 112 to peer 0x55640b7198e0 (9 bytes)
1685603874.677291 sending message 112 to peer 0x55640b7198e0 (15 bytes)
1685603874.677293 sending message 112 to peer 0x55640b7198e0 (13 bytes)
1685603874.677294 sending message 112 to peer 0x55640b7198e0 (12 bytes)
1685603874.677296 sending message 112 to peer 0x55640b7198e0 (8 bytes)
1685603874.677298 sending message 112 to peer 0x55640b7198e0 (14 bytes)
1685603874.677299 sending message 112 to peer 0x55640b7198e0 (11 bytes)
1685603874.677301 sending message 112 to peer 0x55640b7198e0 (9 bytes)
1685603874.677302 sending message 112 to peer 0x55640b7198e0 (10 bytes)
1685603874.677304 sending message 112 to peer 0x55640b7198e0 (10 bytes)
1685603874.677305 sending message 112 to peer 0x55640b7198e0 (10 bytes)
1685603874.677307 sending message 112 to peer 0x55640b7198e0 (10 bytes)
1685603874.677312 sending message 112 to peer 0x55640b7198e0 (11 bytes)
1685603874.677313 sending message 112 to peer 0x55640b7198e0 (12 bytes)
1685603874.677315 sending message 112 to peer 0x55640b7198e0 (12 bytes)
1685603874.677316 sending message 112 to peer 0x55640b7198e0 (12 bytes)
1685603874.677318 sending message 112 to peer 0x55640b7198e0 (12 bytes)
1685603874.677319 sending message 112 to peer 0x55640b7198e0 (12 bytes)
1685603874.677321 sending message 112 to peer 0x55640b7198e0 (11 bytes)
1685603874.677323 sending message 112 to peer 0x55640b7198e0 (11 bytes)
1685603874.677324 sending message 112 to peer 0x55640b7198e0 (12 bytes)
1685603874.677326 sending message 112 to peer 0x55640b7198e0 (12 bytes)
1685603874.677327 sending message 112 to peer 0x55640b7198e0 (12 bytes)
1685603874.677329 sending message 112 to peer 0x55640b7198e0 (12 bytes)
1685603874.677330 sending message 112 to peer 0x55640b7198e0 (12 bytes)
1685603874.677332 sending message 112 to peer 0x55640b7198e0 (9 bytes)
1685603874.677333 sending message 112 to peer 0x55640b7198e0 (12 bytes)
1685603874.677335 sending message 112 to peer 0x55640b7198e0 (13 bytes)
1685603874.677337 sending message 112 to peer 0x55640b7198e0 (13 bytes)
1685603874.677338 sending message 112 to peer 0x55640b7198e0 (13 bytes)
1685603874.677340 sending message 112 to peer 0x55640b7198e0 (13 bytes)
1685603874.677341 sending message 112 to peer 0x55640b7198e0 (13 bytes)
1685603874.677343 sending message 112 to peer 0x55640b7198e0 (8 bytes)
1685603874.677344 sending message 112 to peer 0x55640b7198e0 (11 bytes)
1685603874.677346 sending message 112 to peer 0x55640b7198e0 (11 bytes)
1685603874.677347 sending message 112 to peer 0x55640b7198e0 (11 bytes)
1685603874.677349 sending message 112 to peer 0x55640b7198e0 (12 bytes)
1685603874.677351 sending message 112 to peer 0x55640b7198e0 (12 bytes)
1685603874.677352 sending message 112 to peer 0x55640b7198e0 (12 bytes)
1685603874.677354 sending message 112 to peer 0x55640b7198e0 (12 bytes)
1685603874.677355 sending message 112 to peer 0x55640b7198e0 (13 bytes)
1685603874.677357 sending message 112 to peer 0x55640b7198e0 (13 bytes)
1685603874.677358 sending message 112 to peer 0x55640b7198e0 (13 bytes)
1685603874.677360 sending message 112 to peer 0x55640b7198e0 (8 bytes)
1685603874.677361 sending message 112 to peer 0x55640b7198e0 (13 bytes)
1685603874.677363 sending message 112 to peer 0x55640b7198e0 (13 bytes)
1685603874.677364 sending message 112 to peer 0x55640b7198e0 (13 bytes)
1685603874.677366 sending message 112 to peer 0x55640b7198e0 (13 bytes)
1685603874.677367 sending message 112 to peer 0x55640b7198e0 (13 bytes)
1685603874.677369 sending message 112 to peer 0x55640b7198e0 (12 bytes)
1685603874.677370 sending message 112 to peer 0x55640b7198e0 (12 bytes)
1685603874.677372 sending message 112 to peer 0x55640b7198e0 (12 bytes)
1685603874.677374 sending message 112 to peer 0x55640b7198e0 (12 bytes)
1685603874.677375 sending message 112 to peer 0x55640b7198e0 (13 bytes)
1685603874.677377 sending message 112 to peer 0x55640b7198e0 (8 bytes)
1685603874.677378 sending message 112 to peer 0x55640b7198e0 (13 bytes)
1685603874.677380 sending message 112 to peer 0x55640b7198e0 (13 bytes)
1685603874.677381 sending message 112 to peer 0x55640b7198e0 (13 bytes)
1685603874.677383 sending message 112 to peer 0x55640b7198e0 (13 bytes)
1685603874.677384 sending message 112 to peer 0x55640b7198e0 (13 bytes)
1685603874.677386 sending message 112 to peer 0x55640b7198e0 (13 bytes)
1685603874.677387 sending message 112 to peer 0x55640b7198e0 (13 bytes)
1685603874.677389 sending message 112 to peer 0x55640b7198e0 (12 bytes)
1685603874.677391 sending message 112 to peer 0x55640b7198e0 (12 bytes)
1685603874.677392 sending message 112 to peer 0x55640b7198e0 (12 bytes)
1685603874.677394 sending message 112 to peer 0x55640b7198e0 (8 bytes)
1685603874.677395 sending message 112 to peer 0x55640b7198e0 (12 bytes)
1685603874.677397 sending message 112 to peer 0x55640b7198e0 (13 bytes)
1685603874.677398 sending message 112 to peer 0x55640b7198e0 (13 bytes)
1685603874.677401 sending message 112 to peer 0x55640b7198e0 (13 bytes)
1685603874.677403 sending message 112 to peer 0x55640b7198e0 (13 bytes)
1685603874.677404 sending message 112 to peer 0x55640b7198e0 (13 bytes)
1685603874.677406 sending message 112 to peer 0x55640b7198e0 (13 bytes)
1685603874.677407 sending message 112 to peer 0x55640b7198e0 (13 bytes)
1685603874.677409 sending message 112 to peer 0x55640b7198e0 (13 bytes)
1685603874.677410 sending message 112 to peer 0x55640b7198e0 (12 bytes)
1685603874.677412 sending message 112 to peer 0x55640b7198e0 (10 bytes)
1685603874.677414 sending message 112 to peer 0x55640b7198e0 (12 bytes)
1685603874.677415 sending message 112 to peer 0x55640b7198e0 (12 bytes)
1685603874.677417 sending message 112 to peer 0x55640b7198e0 (12 bytes)
1685603874.677418 sending message 112 to peer 0x55640b7198e0 (13 bytes)
1685603874.677420 sending message 112 to peer 0x55640b7198e0 (13 bytes)
1685603874.677421 sending message 112 to peer 0x55640b7198e0 (13 bytes)
1685603874.677423 sending message 112 to peer 0x55640b7198e0 (13 bytes)
1685603874.677424 sending message 112 to peer 0x55640b7198e0 (13 bytes)
1685603874.677426 sending message 112 to peer 0x55640b7198e0 (13 bytes)
1685603874.677427 sending message 112 to peer 0x55640b7198e0 (13 bytes)
1685603874.677429 sending message 112 to peer 0x55640b7198e0 (10 bytes)
1685603874.677430 sending message 112 to peer 0x55640b7198e0 (13 bytes)
1685603874.677432 sending message 112 to peer 0x55640b7198e0 (12 bytes)
1685603874.677433 sending message 112 to peer 0x55640b7198e0 (12 bytes)
1685603874.677435 sending message 112 to peer 0x55640b7198e0 (12 bytes)
1685603874.677437 sending message 112 to peer 0x55640b7198e0 (10 bytes)
1685603874.677438 sending message 112 to peer 0x55640b7198e0 (10 bytes)
1685603874.677440 sending message 112 to peer 0x55640b7198e0 (10 bytes)
1685603874.677441 sending message 112 to peer 0x55640b7198e0 (12 bytes)
1685603874.677443 sending message 112 to peer 0x55640b7198e0 (13 bytes)
1685603874.677444 sending message 112 to peer 0x55640b7198e0 (13 bytes)
1685603874.677446 sending message 112 to peer 0x55640b7198e0 (13 bytes)
1685603874.677447 sending message 112 to peer 0x55640b7198e0 (13 bytes)
1685603874.677449 sending message 112 to peer 0x55640b7198e0 (13 bytes)
1685603874.677450 sending message 112 to peer 0x55640b7198e0 (10 bytes)
1685603874.677452 sending message 112 to peer 0x55640b7198e0 (11 bytes)
1685603874.677453 sending message 112 to peer 0x55640b7198e0 (12 bytes)
1685603874.677455 sending message 112 to peer 0x55640b7198e0 (12 bytes)
1685603874.677456 sending message 112 to peer 0x55640b7198e0 (12 bytes)
1685603874.677458 sending message 112 to peer 0x55640b7198e0 (12 bytes)
1685603874.677459 sending message 112 to peer 0x55640b7198e0 (12 bytes)
1685603874.677461 sending message 112 to peer 0x55640b7198e0 (11 bytes)
1685603874.677463 sending message 112 to peer 0x55640b7198e0 (12 bytes)
1685603874.677464 sending message 112 to peer 0x55640b7198e0 (12 bytes)
1685603874.677466 sending message 112 to peer 0x55640b7198e0 (13 bytes)
1685603874.677467 sending message 112 to peer 0x55640b7198e0 (13 bytes)
1685603874.677469 sending message 112 to peer 0x55640b7198e0 (13 bytes)
1685603874.677470 sending message 112 to peer 0x55640b7198e0 (13 bytes)
1685603874.677472 sending message 112 to peer 0x55640b7198e0 (13 bytes)
1685603874.677473 sending message 112 to peer 0x55640b7198e0 (10 bytes)
1685603874.677475 sending message 112 to peer 0x55640b7198e0 (9 bytes)
1685603874.677476 sending message 112 to peer 0x55640b7198e0 (12 bytes)
1685603874.677478 sending message 112 to peer 0x55640b7198e0 (13 bytes)
1685603874.677480 sending message 112 to peer 0x55640b7198e0 (13 bytes)
1685603874.677481 sending message 112 to peer 0x55640b7198e0 (13 bytes)
1685603874.677483 sending message 112 to peer 0x55640b7198e0 (13 bytes)
1685603874.677484 sending message 112 to peer 0x55640b7198e0 (13 bytes)
1685603874.677486 sending message 112 to peer 0x55640b7198e0 (9 bytes)
1685603874.677488 sending message 112 to peer 0x55640b7198e0 (12 bytes)
1685603874.677490 sending message 112 to peer 0x55640b7198e0 (13 bytes)
1685603874.677491 sending message 112 to peer 0x55640b7198e0 (13 bytes)
1685603874.677493 sending message 112 to peer 0x55640b7198e0 (13 bytes)
1685603874.677494 sending message 112 to peer 0x55640b7198e0 (13 bytes)
1685603874.677496 sending message 112 to peer 0x55640b7198e0 (13 bytes)
1685603874.677497 sending message 112 to peer 0x55640b7198e0 (11 bytes)
1685603874.677499 sending message 112 to peer 0x55640b7198e0 (12 bytes)
1685603874.677500 sending message 112 to peer 0x55640b7198e0 (13 bytes)
1685603874.677501 sending message 112 to peer 0x55640b7198e0 (13 bytes)
1685603874.677503 sending message 112 to peer 0x55640b7198e0 (13 bytes)
1685603874.677504 sending message 112 to peer 0x55640b7198e0 (13 bytes)
1685603874.677506 sending message 112 to peer 0x55640b7198e0 (13 bytes)
1685603874.677507 sending message 112 to peer 0x55640b7198e0 (11 bytes)
1685603874.677509 sending message 112 to peer 0x55640b7198e0 (12 bytes)
1685603874.677510 sending message 112 to peer 0x55640b7198e0 (12 bytes)
1685603874.677512 sending message 112 to peer 0x55640b7198e0 (12 bytes)
1685603874.677513 sending message 112 to peer 0x55640b7198e0 (12 bytes)
1685603874.677515 sending message 112 to peer 0x55640b7198e0 (12 bytes)
1685603874.677516 sending message 112 to peer 0x55640b7198e0 (21 bytes)
1685603874.677518 sending message 112 to peer 0x55640b7198e0 (12 bytes)
1685603874.677519 sending message 112 to peer 0x55640b7198e0 (9 bytes)
1685603874.677522 sending message 112 to peer 0x55640b7198e0 (6 bytes)
1685603874.677523 sending message 112 to peer 0x55640b7198e0 (13 bytes)
1685603874.677525 sending message 112 to peer 0x55640b7198e0 (10 bytes)
1685603874.677526 sending message 112 to peer 0x55640b7198e0 (24 bytes)
1685603874.677528 sending message 112 to peer 0x55640b7198e0 (13 bytes)
1685603874.677529 sending message 112 to peer 0x55640b7198e0 (9 bytes)
1685603874.677531 sending message 112 to peer 0x55640b7198e0 (70 bytes)
1685603874.677532 sending message 112 to peer 0x55640b7198e0 (69 bytes)
1685603874.677534 sending message 112 to peer 0x55640b7198e0 (12 bytes)
1685603874.677535 sending message 112 to peer 0x55640b7198e0 (10 bytes)
1685603874.677537 sending message 112 to peer 0x55640b7198e0 (10 bytes)
1685603874.677538 sending message 112 to peer 0x55640b7198e0 (24 bytes)
1685603874.677540 sending message 112 to peer 0x55640b7198e0 (13 bytes)
1685603874.677541 sending message 112 to peer 0x55640b7198e0 (10 bytes)
1685603874.677542 sending message 112 to peer 0x55640b7198e0 (10 bytes)
1685603874.677544 sending message 112 to peer 0x55640b7198e0 (10 bytes)
1685603874.677546 sending message 112 to peer 0x55640b7198e0 (13 bytes)
1685603874.677548 sending message 112 to peer 0x55640b7198e0 (15 bytes)
1685603874.677549 sending message 112 to peer 0x55640b7198e0 (5 bytes)
1685603874.677551 sending message 104 to peer 0x55640b7198e0 (0 bytes)
1685603874.677552 sending message 110 to peer 0x55640b7198e0 (0 bytes)
1685603874.677554 sending message 107 to peer 0x55640b7198e0 (4 bytes)
1685603874.677556 sending message 105 to peer 0x55640b7198e0 (11 bytes)
1685603874.677557 sending message 105 to peer 0x55640b7198e0 (12 bytes)
1685603874.677559 sending message 105 to peer 0x55640b7198e0 (16 bytes)
1685603874.677560 sending message 105 to peer 0x55640b7198e0 (17 bytes)
1685603874.677562 sending message 105 to peer 0x55640b7198e0 (21 bytes)
1685603874.677563 sending message 105 to peer 0x55640b7198e0 (16 bytes)
1685603874.677564 sending message 105 to peer 0x55640b7198e0 (50 bytes)
1685603874.677566 sending message 105 to peer 0x55640b7198e0 (43 bytes)
1685603874.677567 sending message 105 to peer 0x55640b7198e0 (56 bytes)
1685603874.677569 sending message 105 to peer 0x55640b7198e0 (16 bytes)
1685603874.677571 sending message 105 to peer 0x55640b7198e0 (86 bytes)
1685603874.677573 sending message 105 to peer 0x55640b7198e0 (13 bytes)
1685603874.677575 sending message 105 to peer 0x55640b7198e0 (35 bytes)
1685603874.677577 sending message 105 to peer 0x55640b7198e0 (41 bytes)
1685603874.677579 sending message 105 to peer 0x55640b7198e0 (25 bytes)
1685603874.677580 sending message 105 to peer 0x55640b7198e0 (25 bytes)
1685603874.677582 sending message 105 to peer 0x55640b7198e0 (21 bytes)
1685603874.677583 sending message 105 to peer 0x55640b7198e0 (21 bytes)
1685603874.677585 sending message 105 to peer 0x55640b7198e0 (28 bytes)
1685603874.677586 sending message 105 to peer 0x55640b7198e0 (21 bytes)
1685603874.677588 sending message 105 to peer 0x55640b7198e0 (25 bytes)
1685603874.677589 sending message 105 to peer 0x55640b7198e0 (13 bytes)
1685603874.677591 sending message 105 to peer 0x55640b7198e0 (1519 bytes)
1685603874.677600 sending message 105 to peer 0x55640b7198e0 (85 bytes)
1685603874.677601 sending message 105 to peer 0x55640b7198e0 (21 bytes)
1685603874.677603 sending message 105 to peer 0x55640b7198e0 (43 bytes)
1685603874.677605 sending message 105 to peer 0x55640b7198e0 (11 bytes)
1685603874.677606 sending message 105 to peer 0x55640b7198e0 (301 bytes)
1685603874.677608 sending message 105 to peer 0x55640b7198e0 (35 bytes)
1685603874.677609 sending message 105 to peer 0x55640b7198e0 (40 bytes)
1685603874.677611 sending message 105 to peer 0x55640b7198e0 (19 bytes)
1685603874.677613 sending message 105 to peer 0x55640b7198e0 (8 bytes)
1685603874.677614 sending message 105 to peer 0x55640b7198e0 (38 bytes)
1685603874.677616 sending message 105 to peer 0x55640b7198e0 (19 bytes)
1685603874.677617 sending message 105 to peer 0x55640b7198e0 (20 bytes)
1685603874.677619 sending message 105 to peer 0x55640b7198e0 (18 bytes)
1685603874.677621 sending message 105 to peer 0x55640b7198e0 (26 bytes)
1685603874.677622 sending message 105 to peer 0x55640b7198e0 (35 bytes)
1685603874.677624 sending message 105 to peer 0x55640b7198e0 (13 bytes)
1685603874.677625 sending message 105 to peer 0x55640b7198e0 (10 bytes)
1685603874.677627 sending message 105 to peer 0x55640b7198e0 (10 bytes)
1685603874.677628 sending message 105 to peer 0x55640b7198e0 (26 bytes)
1685603874.677630 sending message 105 to peer 0x55640b7198e0 (11 bytes)
1685603874.677631 sending message 105 to peer 0x55640b7198e0 (29 bytes)
1685603874.677633 sending message 105 to peer 0x55640b7198e0 (34 bytes)
1685603874.677635 sending message 105 to peer 0x55640b7198e0 (53 bytes)
1685603874.677636 sending message 105 to peer 0x55640b7198e0 (48 bytes)
1685603874.677638 sending message 105 to peer 0x55640b7198e0 (38 bytes)
1685603874.677640 sending message 105 to peer 0x55640b7198e0 (22 bytes)
1685603874.677641 sending message 106 to peer 0x55640b7198e0 (0 bytes)
1685603874.677679 sending message 200 to peer 0x55640b7198e0 (4 bytes)
1685603874.677683 client loop enter
1685603874.677997 peer 0x55640b7198e0 message 303
1685603874.678003 open write file 2 -
1685603874.678007 sending message 305 to peer 0x55640b7198e0 (8 bytes)
1685603874.678012 write check file 2
1685603874.678161 peer 0x55640b7198e0 message 304
1685603874.678167 write 58 to file 2
1685603874.678170 peer 0x55640b7198e0 message 203
1685603874.678172 file 2 58 bytes left
1685603874.678197 write check file 2
1685603874.678201 client loop exit
